<?xml version="1.0" encoding="UTF-8"?>
<testsuite xmlns:xsi="http://www.w3.org/2001/XMLSchema-instance" xsi:noNamespaceSchemaLocation="https://maven.apache.org/surefire/maven-surefire-plugin/xsd/surefire-test-report.xsd" name="ua.org.training.workshop.RoleServiceIntegrationTest" time="0.208" tests="2" errors="0" skipped="0" failures="0">
  <properties>
[...]
</properties>
  <testcase name="testGetRoleByCode" classname="ua.org.training.workshop.RoleServiceIntegrationTest" time="0"/>
  <testcase name="testGetRoles" classname="ua.org.training.workshop.RoleServiceIntegrationTest" time="0.204"/>
</testsuite>